<?xml version="1.0" encoding="UTF-8"?>
<!-- Generated by org.testng.reporters.JUnitXMLReporter -->
<testsuite ignored="0" hostname="LAPTOP-TM2QSR20" failures="0" tests="3" name="Surefire test" time="20.08" errors="0" timestamp="2024-01-23T13:47:05 IST">
  <testcase classname="TestScenario.TestMethods_GoogleSearch" name="SearchOperation" time="0.49"/>
  <testcase classname="TestScenario.TestMethods_GoogleSearch" name="VerifyandAccessFacebook" time="5.379"/>
  <testcase classname="TestScenario.TestMethods_GoogleSearch" name="VerifyLogin" time="8.756"/>
</testsuite> <!-- Surefire test -->
