<?xml version="1.0" encoding="UTF-8"?>
<!-- Generated by org.testng.reporters.JUnitXMLReporter -->
<testsuite ignored="0" hostname="LAPTOP-TM2QSR20" failures="0" tests="3" name="Default test" time="18.919" errors="0" timestamp="2024-01-23T14:57:41 IST">
  <testcase classname="TestScenario.TestMethods_GoogleSearch" name="SearchOperation" time="0.535"/>
  <testcase classname="TestScenario.TestMethods_GoogleSearch" name="VerifyandAccessFacebook" time="3.985"/>
  <testcase classname="TestScenario.TestMethods_GoogleSearch" name="VerifyLogin" time="8.871"/>
</testsuite> <!-- Default test -->
