<?xml version="1.0" encoding="UTF-8"?>
<!-- Generated by org.testng.reporters.JUnitXMLReporter -->
<testsuite ignored="0" hostname="LAPTOP-TM2QSR20" failures="0" tests="3" name="Test" time="16.506" errors="0" timestamp="2024-01-23T14:58:06 IST">
  <testcase classname="TestScenario.TestMethods_GoogleSearch" name="SearchOperation" time="0.604"/>
  <testcase classname="TestScenario.TestMethods_GoogleSearch" name="VerifyandAccessFacebook" time="2.856"/>
  <testcase classname="TestScenario.TestMethods_GoogleSearch" name="VerifyLogin" time="8.914"/>
</testsuite> <!-- Test -->
