<?xml version="1.0" encoding="UTF-8"?>
<testng-results ignored="0" total="3" passed="3" failed="0" skipped="0">
  <reporter-output>
  </reporter-output>
  <suite started-at="2024-01-23T13:46:45 IST" name="Surefire suite" finished-at="2024-01-23T13:47:05 IST" duration-ms="20080">
    <groups>
    </groups>
    <test started-at="2024-01-23T13:46:45 IST" name="Surefire test" finished-at="2024-01-23T13:47:05 IST" duration-ms="20080">
      <class name="TestScenario.TestMethods_GoogleSearch">
        <test-method is-config="true" signature="beforetest()[pri:0, instance:TestScenario.TestMethods_GoogleSearch@258e2e41]" started-at="2024-01-23T13:46:45 IST" name="beforetest" finished-at="2024-01-23T13:46:50 IST" duration-ms="5078" status="PASS">
          <reporter-output>
          </reporter-output>
        </test-method> <!-- beforetest -->
        <test-method signature="SearchOperation()[pri:0, instance:TestScenario.TestMethods_GoogleSearch@258e2e41]" started-at="2024-01-23T13:46:50 IST" name="SearchOperation" finished-at="2024-01-23T13:46:51 IST" duration-ms="490" status="PASS">
          <reporter-output>
          </reporter-output>
        </test-method> <!-- SearchOperation -->
        <test-method signature="VerifyandAccessFacebook()[pri:1, instance:TestScenario.TestMethods_GoogleSearch@258e2e41]" started-at="2024-01-23T13:46:51 IST" name="VerifyandAccessFacebook" finished-at="2024-01-23T13:46:56 IST" duration-ms="5379" status="PASS">
          <reporter-output>
          </reporter-output>
        </test-method> <!-- VerifyandAccessFacebook -->
        <test-method signature="VerifyLogin()[pri:2, instance:TestScenario.TestMethods_GoogleSearch@258e2e41]" started-at="2024-01-23T13:46:56 IST" name="VerifyLogin" finished-at="2024-01-23T13:47:05 IST" duration-ms="8756" status="PASS">
          <reporter-output>
          </reporter-output>
        </test-method> <!-- VerifyLogin -->
        <test-method is-config="true" signature="aftertest()[pri:0, instance:TestScenario.TestMethods_GoogleSearch@258e2e41]" started-at="2024-01-23T13:47:05 IST" name="aftertest" finished-at="2024-01-23T13:47:05 IST" duration-ms="346" status="PASS">
          <reporter-output>
          </reporter-output>
        </test-method> <!-- aftertest -->
      </class> <!-- TestScenario.TestMethods_GoogleSearch -->
    </test> <!-- Surefire test -->
  </suite> <!-- Surefire suite -->
</testng-results>
