<?xml version="1.0" encoding="UTF-8"?>
<testng-results ignored="0" total="3" passed="3" failed="0" skipped="0">
  <reporter-output>
  </reporter-output>
  <suite started-at="2024-01-23T14:57:50 IST" name="Suite" finished-at="2024-01-23T14:58:06 IST" duration-ms="16506">
    <groups>
    </groups>
    <test started-at="2024-01-23T14:57:50 IST" name="Test" finished-at="2024-01-23T14:58:06 IST" duration-ms="16506">
      <class name="TestScenario.TestMethods_GoogleSearch">
        <test-method is-config="true" signature="beforetest()[pri:0, instance:TestScenario.TestMethods_GoogleSearch@5b239d7d]" started-at="2024-01-23T14:57:50 IST" name="beforetest" finished-at="2024-01-23T14:57:54 IST" duration-ms="3783" status="PASS">
          <reporter-output>
          </reporter-output>
        </test-method> <!-- beforetest -->
        <test-method signature="SearchOperation()[pri:0, instance:TestScenario.TestMethods_GoogleSearch@5b239d7d]" started-at="2024-01-23T14:57:54 IST" name="SearchOperation" finished-at="2024-01-23T14:57:54 IST" duration-ms="604" status="PASS">
          <reporter-output>
          </reporter-output>
        </test-method> <!-- SearchOperation -->
        <test-method signature="VerifyandAccessFacebook()[pri:1, instance:TestScenario.TestMethods_GoogleSearch@5b239d7d]" started-at="2024-01-23T14:57:54 IST" name="VerifyandAccessFacebook" finished-at="2024-01-23T14:57:57 IST" duration-ms="2856" status="PASS">
          <reporter-output>
          </reporter-output>
        </test-method> <!-- VerifyandAccessFacebook -->
        <test-method signature="VerifyLogin()[pri:2, instance:TestScenario.TestMethods_GoogleSearch@5b239d7d]" started-at="2024-01-23T14:57:57 IST" name="VerifyLogin" finished-at="2024-01-23T14:58:06 IST" duration-ms="8914" status="PASS">
          <reporter-output>
          </reporter-output>
        </test-method> <!-- VerifyLogin -->
        <test-method is-config="true" signature="aftertest()[pri:0, instance:TestScenario.TestMethods_GoogleSearch@5b239d7d]" started-at="2024-01-23T14:58:06 IST" name="aftertest" finished-at="2024-01-23T14:58:06 IST" duration-ms="319" status="PASS">
          <reporter-output>
          </reporter-output>
        </test-method> <!-- aftertest -->
      </class> <!-- TestScenario.TestMethods_GoogleSearch -->
    </test> <!-- Test -->
  </suite> <!-- Suite -->
</testng-results>
